Exception in thread Thread-1:
Traceback (most recent call last):
  File "threading.pyc", line 525, in __bootstrap_inner
  File "threading.pyc", line 477, in run
  File "infobiotics\common\experiment.pyc", line 102, in _spawn
  File "winpexpect.pyc", line 287, in __init__
  File "pexpect.pyc", line 429, in __init__
  File "winpexpect.pyc", line 354, in _spawn
error: (2, 'CreateProcess', 'The system cannot find the file specified.')

"[Errno 13] Permission denied: u'C:\\dashboard\\tests\\workbench_examples\\motifs\\CONST\\pmodelchecker_example\\tmpvjcmgw'" params:240(save) [root(40)]
Traceback (most recent call last):
  File "infobiotics\common\params.pyc", line 236, in save
  File "infobiotics\commons\files.pyc", line 78, in write
IOError: [Errno 13] Permission denied: u'C:\\dashboard\\tests\\workbench_examples\\motifs\\CONST\\pmodelchecker_example\\tmpvjcmgw'
Exception in thread Thread-2:
Traceback (most recent call last):
  File "threading.pyc", line 525, in __bootstrap_inner
  File "threading.pyc", line 477, in run
  File "infobiotics\common\experiment.pyc", line 102, in _spawn
  File "winpexpect.pyc", line 287, in __init__
  File "pexpect.pyc", line 429, in __init__
  File "winpexpect.pyc", line 354, in _spawn
error: (2, 'CreateProcess', 'The system cannot find the file specified.')

Traceback (most recent call last):
  File "enthought\traits\ui\qt4\file_editor.pyc", line 124, in show_file_dialog
  File "enthought\traits\ui\editor.pyc", line 241, in _set_value
  File "enthought\traits\ui\ui.pyc", line 699, in do_undoable
  File "enthought\traits\ui\editor.pyc", line 254, in __set_value
  File "enthought\traits\ui\handler.pyc", line 269, in setattr
  File "infobiotics\commons\traits\relative_directory.pyc", line 92, in validate
  File "infobiotics\commons\traits\relative_file.pyc", line 237, in _validate
  File "enthought\traits\trait_handlers.pyc", line 167, in error
enthought.traits.trait_errors.TraitError: The '_cwd' trait of a PRISMExperiment instance must be an existing absolute directory, but a value of u'C:/dashboard/tests/workbench_examples/motifs/CONST/pmodelchecker_example/dashboard' <type 'unicode'> was specified.
