Exception occurred in traits notification handler.
Please check the log file for details.
Exception occurred in traits notification handler for object: <infobiotics.pmodelchecker.mc2.mc2_experiment.MC2Experiment object at 0x97e5770>, trait: model_specification, old value: , new value: negativeAutoregulationModel.lpp
Traceback (most recent call last):
  File "/home/jvb/src/ets-trunk/Traits/enthought/traits/trait_notifiers.py", line 536, in rebind_call_4
    object, trait_name, old, new )
  File "/home/jvb/src/ets-trunk/Traits/enthought/traits/trait_notifiers.py", line 448, in dispatch
    handler( *args )
  File "/home/jvb/phd/eclipse/infobiotics/dashboard/infobiotics/pmodelchecker/pmodelchecker_params.py", line 118, in translate_model_specification
    PRISM_model=self.PRISM_model_, # must set PRISM_model with PRISM_model_ as trait_setq doesn't trigger creation of shadow trait
AttributeError: 'MC2Experiment' object has no attribute 'PRISM_model_'
timed out
.Exception occurred in traits notification handler for object: <infobiotics.pmodelchecker.mc2.mc2_experiment.MC2Experiment object at 0x97e56b0>, trait: model_specification, old value: , new value: negativeAutoregulationModel.lpp
Traceback (most recent call last):
  File "/home/jvb/src/ets-trunk/Traits/enthought/traits/trait_notifiers.py", line 536, in rebind_call_4
    object, trait_name, old, new )
  File "/home/jvb/src/ets-trunk/Traits/enthought/traits/trait_notifiers.py", line 448, in dispatch
    handler( *args )
  File "/home/jvb/phd/eclipse/infobiotics/dashboard/infobiotics/pmodelchecker/pmodelchecker_params.py", line 118, in translate_model_specification
    PRISM_model=self.PRISM_model_, # must set PRISM_model with PRISM_model_ as trait_setq doesn't trigger creation of shadow trait
AttributeError: 'MC2Experiment' object has no attribute 'PRISM_model_'
Emcss simulation.params   0% |                                  | ETA:  --:--:--
mcss simulation.params   8% |##                                | ETA:  00:00:12
mcss simulation.params  22% |#######                           | ETA:  00:00:11
mcss simulation.params  36% |############                      | ETA:  00:00:09
mcss simulation.params  51% |#################                 | ETA:  00:00:06
mcss simulation.params  65% |######################            | ETA:  00:00:04
mcss simulation.params  79% |##########################        | ETA:  00:00:02
mcss simulation.params 100% |##################################| Time: 00:00:12
.
got here
E'debug_mode' not specified correctly. 'no' should be in ('true', 'True', '1', 'false', 'False', '0'). Assuming False.
timed out
.'debug_mode' not specified correctly. 'no' should be in ('true', 'True', '1', 'false', 'False', '0'). Assuming False.
EValue of preference pmodelchecker.model_specification in '/home/jvb/.infobiotics/preferences.ini' ('') is invalid. Removing and using default ('None') instead. [WARNING]
finished without output
finished without output
finished without output
timed out
.Value of preference pmodelchecker.model_specification in '/home/jvb/.infobiotics/preferences.ini' ('') is invalid. Removing and using default ('None') instead. [WARNING]
finished without output
finished without output
finished without output
finished without output
finished without output
finished without output
finished without output
finished without output
finished without output
finished without output
finished without output
finished without output
finished without output
finished without output
finished without output
finished without output
finished without output
finished without output
finished without output
.
======================================================================
ERROR: test_mc2_gui (__main__.TestProgress)
----------------------------------------------------------------------
Traceback (most recent call last):
  File "/home/jvb/phd/eclipse/infobiotics/dashboard/infobiotics/tests/test_progress.py", line 39, in test_mc2_gui
    e.perform()
  File "/home/jvb/phd/eclipse/infobiotics/dashboard/infobiotics/core/experiment.py", line 101, in perform
    self._perform()
  File "/home/jvb/phd/eclipse/infobiotics/dashboard/infobiotics/core/experiment.py", line 153, in _perform
    self._starting()
  File "/home/jvb/phd/eclipse/infobiotics/dashboard/infobiotics/core/experiment.py", line 283, in _starting
    self._handler._starting()
  File "/home/jvb/phd/eclipse/infobiotics/dashboard/infobiotics/core/params.py", line 393, in __handler_default
    raise NotImplementedError
NotImplementedError

======================================================================
ERROR: test_mcss_gui (__main__.TestProgress)
----------------------------------------------------------------------
Traceback (most recent call last):
  File "/home/jvb/phd/eclipse/infobiotics/dashboard/infobiotics/tests/test_progress.py", line 15, in test_mcss_gui
    e.perform()
  File "/home/jvb/phd/eclipse/infobiotics/dashboard/infobiotics/core/experiment.py", line 101, in perform
    self._perform()
  File "/home/jvb/phd/eclipse/infobiotics/dashboard/infobiotics/core/experiment.py", line 258, in _perform
    self._finished(True if self._child.exitstatus == 0 else False)
  File "/home/jvb/phd/eclipse/infobiotics/dashboard/infobiotics/core/experiment.py", line 304, in _finished
    if self._progress_bar_started: #FIXME AttributeError: 'McssExperiment' object has no attribute '_progress_bar_started'
AttributeError: 'McssExperiment' object has no attribute '_progress_bar_started'

======================================================================
ERROR: test_poptimizer_gui (__main__.TestProgress)
----------------------------------------------------------------------
Traceback (most recent call last):
  File "/home/jvb/phd/eclipse/infobiotics/dashboard/infobiotics/tests/test_progress.py", line 51, in test_poptimizer_gui
    e.perform()
  File "/home/jvb/phd/eclipse/infobiotics/dashboard/infobiotics/core/experiment.py", line 101, in perform
    self._perform()
  File "/home/jvb/phd/eclipse/infobiotics/dashboard/infobiotics/core/experiment.py", line 153, in _perform
    self._starting()
  File "/home/jvb/phd/eclipse/infobiotics/dashboard/infobiotics/core/experiment.py", line 283, in _starting
    self._handler._starting()
  File "/home/jvb/phd/eclipse/infobiotics/dashboard/infobiotics/core/params.py", line 393, in __handler_default
    raise NotImplementedError
NotImplementedError

----------------------------------------------------------------------
Ran 8 tests in 82.725s

FAILED (errors=3)
